<?xml version="1.0" encoding="UTF-8"?>
<!-- Generated by org.testng.reporters.JUnitReportReporter -->
<testsuite ignored="0" hostname="LAPTOP-UNQEGMQ7" failures="0" tests="2" name="com.course.cases.LoginTest" time="6.781" errors="0" timestamp="04 Jul 2022 00:43:19 GMT" skipped="0">
  <testcase classname="com.course.cases.LoginTest" name="loginFalse" time="3.066"/>
  <testcase classname="com.course.cases.LoginTest" name="loginTrue" time="3.715"/>
</testsuite> <!-- com.course.cases.LoginTest -->
